2020-07-15 15:24:32.8011 INFO Pocz¹tek Rejestracji.
2020-07-15 15:24:32.8769 INFO Rejestracja przebieg³a pomyœlnie.
2020-07-15 15:24:33.1972 INFO Rejestracja przebieg³a pomyœlnie.
2020-07-15 15:24:33.2724 INFO System.Data.SqlClient.SqlException (0x80131904): Violation of UNIQUE KEY constraint 'UQ__UserData__7838F272DF112245'. Cannot insert duplicate key in object 'dbo.UserDataTable'. The duplicate key value is (maciek              ).
The statement has been terminated.
   w System.Data.SqlClient.SqlConnection.OnError(SqlException exception, Boolean breakConnection, Action`1 wrapCloseInAction)
   w System.Data.SqlClient.SqlInternalConnection.OnError(SqlException exception, Boolean breakConnection, Action`1 wrapCloseInAction)
   w System.Data.SqlClient.TdsParser.ThrowExceptionAndWarning(TdsParserStateObject stateObj, Boolean callerHasConnectionLock, Boolean asyncClose)
   w System.Data.SqlClient.TdsParser.TryRun(RunBehavior runBehavior, SqlCommand cmdHandler, SqlDataReader dataStream, BulkCopySimpleResultSet bulkCopyHandler, TdsParserStateObject stateObj, Boolean& dataReady)
   w System.Data.SqlClient.SqlCommand.FinishExecuteReader(SqlDataReader ds, RunBehavior runBehavior, String resetOptionsString, Boolean isInternal, Boolean forDescribeParameterEncryption, Boolean shouldCacheForAlwaysEncrypted)
   w System.Data.SqlClient.SqlCommand.RunExecuteReaderTds(CommandBehavior cmdBehavior, RunBehavior runBehavior, Boolean returnStream, Boolean async, Int32 timeout, Task& task, Boolean asyncWrite, Boolean inRetry, SqlDataReader ds, Boolean describeParameterEncryptionRequest)
   w System.Data.SqlClient.SqlCommand.RunExecuteReader(CommandBehavior cmdBehavior, RunBehavior runBehavior, Boolean returnStream, String method, TaskCompletionSource`1 completion, Int32 timeout, Task& task, Boolean& usedCache, Boolean asyncWrite, Boolean inRetry)
   w System.Data.SqlClient.SqlCommand.InternalExecuteNonQuery(TaskCompletionSource`1 completion, String methodName, Boolean sendToPipe, Int32 timeout, Boolean& usedCache, Boolean asyncWrite, Boolean inRetry)
   w System.Data.SqlClient.SqlCommand.ExecuteNonQuery()
   w WebApp.Models.ToBaseInsertion.InsertData(String login, String password, String email) w D:\Repozytorium\WebAppV3\WebApp\WebApp\Models\ToBaseInsertion.cs:wiersz 37
ClientConnectionId:7c40e3fd-dc7b-42d0-8115-0dd78f7da41f
Error Number:2627,State:1,Class:14
2020-07-15 15:24:33.3378 INFO Rejestracja nie przebieg³a pomyœlnie.
2020-07-15 15:24:33.3485 INFO Rejestracja nie przebieg³a pomyœlnie.
2020-07-15 15:24:33.3485 INFO Koniec Rejestracji.
2020-07-15 15:28:54.2161 INFO Pocz¹tek Rejestracji.
2020-07-15 15:28:54.3903 INFO Rejestracja przebieg³a pomyœlnie.
2020-07-15 15:28:54.5698 INFO Rejestracja przebieg³a pomyœlnie.
2020-07-15 15:28:54.5698 INFO Rejestracja przebieg³a pomyœlnie.
2020-07-15 15:28:54.5858 INFO Rejestracja przebieg³a pomyœlnie.
2020-07-15 15:28:54.5858 INFO Koniec Rejestracji.
2020-07-15 15:30:17.7619 INFO Pocz¹tek Rejestracji.
2020-07-15 15:30:17.9195 INFO Rejestracja przebieg³a pomyœlnie.
2020-07-15 15:30:18.1142 INFO Rejestracja przebieg³a pomyœlnie.
2020-07-15 15:30:18.1142 INFO Rejestracja przebieg³a pomyœlnie.
2020-07-15 15:30:18.1292 INFO Rejestracja przebieg³a pomyœlnie.
2020-07-15 15:30:18.1292 INFO Koniec Rejestracji.
2020-07-15 15:30:48.3757 INFO Pocz¹tek Rejestracji.
2020-07-15 15:34:02.2974 INFO Pocz¹tek Rejestracji.
2020-07-15 15:40:01.6699 INFO Pocz¹tek Rejestracji.
2020-07-15 15:40:01.7268 INFO Rejestracja przebieg³a pomyœlnie.
2020-07-15 15:40:01.8834 INFO System.Data.SqlClient.SqlException (0x80131904): The parameterized query '(@login varchar(40),@email varchar(40),@password varchar(40))INS' expects the parameter '@login', which was not supplied.
   w System.Data.SqlClient.SqlConnection.OnError(SqlException exception, Boolean breakConnection, Action`1 wrapCloseInAction)
   w System.Data.SqlClient.SqlInternalConnection.OnError(SqlException exception, Boolean breakConnection, Action`1 wrapCloseInAction)
   w System.Data.SqlClient.TdsParser.ThrowExceptionAndWarning(TdsParserStateObject stateObj, Boolean callerHasConnectionLock, Boolean asyncClose)
   w System.Data.SqlClient.TdsParser.TryRun(RunBehavior runBehavior, SqlCommand cmdHandler, SqlDataReader dataStream, BulkCopySimpleResultSet bulkCopyHandler, TdsParserStateObject stateObj, Boolean& dataReady)
   w System.Data.SqlClient.SqlCommand.FinishExecuteReader(SqlDataReader ds, RunBehavior runBehavior, String resetOptionsString, Boolean isInternal, Boolean forDescribeParameterEncryption, Boolean shouldCacheForAlwaysEncrypted)
   w System.Data.SqlClient.SqlCommand.RunExecuteReaderTds(CommandBehavior cmdBehavior, RunBehavior runBehavior, Boolean returnStream, Boolean async, Int32 timeout, Task& task, Boolean asyncWrite, Boolean inRetry, SqlDataReader ds, Boolean describeParameterEncryptionRequest)
   w System.Data.SqlClient.SqlCommand.RunExecuteReader(CommandBehavior cmdBehavior, RunBehavior runBehavior, Boolean returnStream, String method, TaskCompletionSource`1 completion, Int32 timeout, Task& task, Boolean& usedCache, Boolean asyncWrite, Boolean inRetry)
   w System.Data.SqlClient.SqlCommand.InternalExecuteNonQuery(TaskCompletionSource`1 completion, String methodName, Boolean sendToPipe, Int32 timeout, Boolean& usedCache, Boolean asyncWrite, Boolean inRetry)
   w System.Data.SqlClient.SqlCommand.ExecuteNonQuery()
   w WebApp.Models.ToBaseInsertion.InsertData(String login, String password, String email) w D:\Repozytorium\WebAppV3\WebApp\WebApp\Models\ToBaseInsertion.cs:wiersz 37
ClientConnectionId:cdc91320-a428-4804-809c-05638a0b02f6
Error Number:8178,State:1,Class:16
2020-07-15 15:40:01.8984 INFO Rejestracja nie przebieg³a pomyœlnie.
2020-07-15 15:40:01.9034 INFO Wartoœæ pola nie mo¿e pozostaæ pusta.
2020-07-15 15:40:01.9034 INFO Wartoœæ pola nie mo¿e pozostaæ pusta.
2020-07-15 15:40:01.9034 INFO Koniec Rejestracji.
2020-07-15 15:40:06.9099 INFO Pocz¹tek Rejestracji.
2020-07-15 15:40:06.9279 INFO Rejestracja przebieg³a pomyœlnie.
2020-07-15 15:40:06.9468 INFO System.Data.SqlClient.SqlException (0x80131904): The parameterized query '(@login varchar(40),@email varchar(40),@password varchar(40))INS' expects the parameter '@email', which was not supplied.
   w System.Data.SqlClient.SqlConnection.OnError(SqlException exception, Boolean breakConnection, Action`1 wrapCloseInAction)
   w System.Data.SqlClient.SqlInternalConnection.OnError(SqlException exception, Boolean breakConnection, Action`1 wrapCloseInAction)
   w System.Data.SqlClient.TdsParser.ThrowExceptionAndWarning(TdsParserStateObject stateObj, Boolean callerHasConnectionLock, Boolean asyncClose)
   w System.Data.SqlClient.TdsParser.TryRun(RunBehavior runBehavior, SqlCommand cmdHandler, SqlDataReader dataStream, BulkCopySimpleResultSet bulkCopyHandler, TdsParserStateObject stateObj, Boolean& dataReady)
   w System.Data.SqlClient.SqlCommand.FinishExecuteReader(SqlDataReader ds, RunBehavior runBehavior, String resetOptionsString, Boolean isInternal, Boolean forDescribeParameterEncryption, Boolean shouldCacheForAlwaysEncrypted)
   w System.Data.SqlClient.SqlCommand.RunExecuteReaderTds(CommandBehavior cmdBehavior, RunBehavior runBehavior, Boolean returnStream, Boolean async, Int32 timeout, Task& task, Boolean asyncWrite, Boolean inRetry, SqlDataReader ds, Boolean describeParameterEncryptionRequest)
   w System.Data.SqlClient.SqlCommand.RunExecuteReader(CommandBehavior cmdBehavior, RunBehavior runBehavior, Boolean returnStream, String method, TaskCompletionSource`1 completion, Int32 timeout, Task& task, Boolean& usedCache, Boolean asyncWrite, Boolean inRetry)
   w System.Data.SqlClient.SqlCommand.InternalExecuteNonQuery(TaskCompletionSource`1 completion, String methodName, Boolean sendToPipe, Int32 timeout, Boolean& usedCache, Boolean asyncWrite, Boolean inRetry)
   w System.Data.SqlClient.SqlCommand.ExecuteNonQuery()
   w WebApp.Models.ToBaseInsertion.InsertData(String login, String password, String email) w D:\Repozytorium\WebAppV3\WebApp\WebApp\Models\ToBaseInsertion.cs:wiersz 37
ClientConnectionId:cdc91320-a428-4804-809c-05638a0b02f6
Error Number:8178,State:1,Class:16
2020-07-15 15:40:06.9528 INFO Rejestracja nie przebieg³a pomyœlnie.
2020-07-15 15:40:06.9528 INFO Wartoœæ pola nie mo¿e pozostaæ pusta.
2020-07-15 15:40:06.9528 INFO Wartoœæ pola nie mo¿e pozostaæ pusta.
2020-07-15 15:40:06.9677 INFO Koniec Rejestracji.
2020-07-15 15:40:16.6492 INFO Pocz¹tek Rejestracji.
2020-07-15 15:40:16.6811 INFO System.Data.SqlClient.SqlException (0x80131904): Violation of UNIQUE KEY constraint 'UQ__UserData__7838F272DF112245'. Cannot insert duplicate key in object 'dbo.UserDataTable'. The duplicate key value is (daniel              ).
The statement has been terminated.
   w System.Data.SqlClient.SqlConnection.OnError(SqlException exception, Boolean breakConnection, Action`1 wrapCloseInAction)
   w System.Data.SqlClient.SqlInternalConnection.OnError(SqlException exception, Boolean breakConnection, Action`1 wrapCloseInAction)
   w System.Data.SqlClient.TdsParser.ThrowExceptionAndWarning(TdsParserStateObject stateObj, Boolean callerHasConnectionLock, Boolean asyncClose)
   w System.Data.SqlClient.TdsParser.TryRun(RunBehavior runBehavior, SqlCommand cmdHandler, SqlDataReader dataStream, BulkCopySimpleResultSet bulkCopyHandler, TdsParserStateObject stateObj, Boolean& dataReady)
   w System.Data.SqlClient.SqlCommand.FinishExecuteReader(SqlDataReader ds, RunBehavior runBehavior, String resetOptionsString, Boolean isInternal, Boolean forDescribeParameterEncryption, Boolean shouldCacheForAlwaysEncrypted)
   w System.Data.SqlClient.SqlCommand.RunExecuteReaderTds(CommandBehavior cmdBehavior, RunBehavior runBehavior, Boolean returnStream, Boolean async, Int32 timeout, Task& task, Boolean asyncWrite, Boolean inRetry, SqlDataReader ds, Boolean describeParameterEncryptionRequest)
   w System.Data.SqlClient.SqlCommand.RunExecuteReader(CommandBehavior cmdBehavior, RunBehavior runBehavior, Boolean returnStream, String method, TaskCompletionSource`1 completion, Int32 timeout, Task& task, Boolean& usedCache, Boolean asyncWrite, Boolean inRetry)
   w System.Data.SqlClient.SqlCommand.InternalExecuteNonQuery(TaskCompletionSource`1 completion, String methodName, Boolean sendToPipe, Int32 timeout, Boolean& usedCache, Boolean asyncWrite, Boolean inRetry)
   w System.Data.SqlClient.SqlCommand.ExecuteNonQuery()
   w WebApp.Models.ToBaseInsertion.InsertData(String login, String password, String email) w D:\Repozytorium\WebAppV3\WebApp\WebApp\Models\ToBaseInsertion.cs:wiersz 37
ClientConnectionId:cdc91320-a428-4804-809c-05638a0b02f6
Error Number:2627,State:1,Class:14
2020-07-15 15:40:16.6871 INFO Rejestracja nie przebieg³a pomyœlnie.
2020-07-15 15:40:16.6871 INFO Login i has³o nie mog¹ byæ takie same.
2020-07-15 15:40:16.6871 INFO Login i has³o nie mog¹ byæ takie same.
2020-07-15 15:40:16.7031 INFO Koniec Rejestracji.
2020-07-15 15:40:25.3746 INFO Pocz¹tek Rejestracji.
2020-07-15 15:40:25.3976 INFO System.Data.SqlClient.SqlException (0x80131904): Violation of UNIQUE KEY constraint 'UQ__UserData__7838F272DF112245'. Cannot insert duplicate key in object 'dbo.UserDataTable'. The duplicate key value is (daniel              ).
The statement has been terminated.
   w System.Data.SqlClient.SqlConnection.OnError(SqlException exception, Boolean breakConnection, Action`1 wrapCloseInAction)
   w System.Data.SqlClient.SqlInternalConnection.OnError(SqlException exception, Boolean breakConnection, Action`1 wrapCloseInAction)
   w System.Data.SqlClient.TdsParser.ThrowExceptionAndWarning(TdsParserStateObject stateObj, Boolean callerHasConnectionLock, Boolean asyncClose)
   w System.Data.SqlClient.TdsParser.TryRun(RunBehavior runBehavior, SqlCommand cmdHandler, SqlDataReader dataStream, BulkCopySimpleResultSet bulkCopyHandler, TdsParserStateObject stateObj, Boolean& dataReady)
   w System.Data.SqlClient.SqlCommand.FinishExecuteReader(SqlDataReader ds, RunBehavior runBehavior, String resetOptionsString, Boolean isInternal, Boolean forDescribeParameterEncryption, Boolean shouldCacheForAlwaysEncrypted)
   w System.Data.SqlClient.SqlCommand.RunExecuteReaderTds(CommandBehavior cmdBehavior, RunBehavior runBehavior, Boolean returnStream, Boolean async, Int32 timeout, Task& task, Boolean asyncWrite, Boolean inRetry, SqlDataReader ds, Boolean describeParameterEncryptionRequest)
   w System.Data.SqlClient.SqlCommand.RunExecuteReader(CommandBehavior cmdBehavior, RunBehavior runBehavior, Boolean returnStream, String method, TaskCompletionSource`1 completion, Int32 timeout, Task& task, Boolean& usedCache, Boolean asyncWrite, Boolean inRetry)
   w System.Data.SqlClient.SqlCommand.InternalExecuteNonQuery(TaskCompletionSource`1 completion, String methodName, Boolean sendToPipe, Int32 timeout, Boolean& usedCache, Boolean asyncWrite, Boolean inRetry)
   w System.Data.SqlClient.SqlCommand.ExecuteNonQuery()
   w WebApp.Models.ToBaseInsertion.InsertData(String login, String password, String email) w D:\Repozytorium\WebAppV3\WebApp\WebApp\Models\ToBaseInsertion.cs:wiersz 37
ClientConnectionId:cdc91320-a428-4804-809c-05638a0b02f6
Error Number:2627,State:1,Class:14
2020-07-15 15:40:25.4056 INFO Rejestracja nie przebieg³a pomyœlnie.
2020-07-15 15:40:25.4056 INFO Has³o i jego potwierdzenie nie s¹ takie same.
2020-07-15 15:40:25.4205 INFO Has³o i jego potwierdzenie nie s¹ takie same.
2020-07-15 15:40:25.4205 INFO Koniec Rejestracji.
2020-07-15 15:40:33.6306 INFO Pocz¹tek Rejestracji.
2020-07-15 15:40:33.6496 INFO System.Data.SqlClient.SqlException (0x80131904): Violation of UNIQUE KEY constraint 'UQ__UserData__AB6E6164275BAA37'. Cannot insert duplicate key in object 'dbo.UserDataTable'. The duplicate key value is (daniel@wp.pl        ).
The statement has been terminated.
   w System.Data.SqlClient.SqlConnection.OnError(SqlException exception, Boolean breakConnection, Action`1 wrapCloseInAction)
   w System.Data.SqlClient.SqlInternalConnection.OnError(SqlException exception, Boolean breakConnection, Action`1 wrapCloseInAction)
   w System.Data.SqlClient.TdsParser.ThrowExceptionAndWarning(TdsParserStateObject stateObj, Boolean callerHasConnectionLock, Boolean asyncClose)
   w System.Data.SqlClient.TdsParser.TryRun(RunBehavior runBehavior, SqlCommand cmdHandler, SqlDataReader dataStream, BulkCopySimpleResultSet bulkCopyHandler, TdsParserStateObject stateObj, Boolean& dataReady)
   w System.Data.SqlClient.SqlCommand.FinishExecuteReader(SqlDataReader ds, RunBehavior runBehavior, String resetOptionsString, Boolean isInternal, Boolean forDescribeParameterEncryption, Boolean shouldCacheForAlwaysEncrypted)
   w System.Data.SqlClient.SqlCommand.RunExecuteReaderTds(CommandBehavior cmdBehavior, RunBehavior runBehavior, Boolean returnStream, Boolean async, Int32 timeout, Task& task, Boolean asyncWrite, Boolean inRetry, SqlDataReader ds, Boolean describeParameterEncryptionRequest)
   w System.Data.SqlClient.SqlCommand.RunExecuteReader(CommandBehavior cmdBehavior, RunBehavior runBehavior, Boolean returnStream, String method, TaskCompletionSource`1 completion, Int32 timeout, Task& task, Boolean& usedCache, Boolean asyncWrite, Boolean inRetry)
   w System.Data.SqlClient.SqlCommand.InternalExecuteNonQuery(TaskCompletionSource`1 completion, String methodName, Boolean sendToPipe, Int32 timeout, Boolean& usedCache, Boolean asyncWrite, Boolean inRetry)
   w System.Data.SqlClient.SqlCommand.ExecuteNonQuery()
   w WebApp.Models.ToBaseInsertion.InsertData(String login, String password, String email) w D:\Repozytorium\WebAppV3\WebApp\WebApp\Models\ToBaseInsertion.cs:wiersz 37
ClientConnectionId:cdc91320-a428-4804-809c-05638a0b02f6
Error Number:2627,State:1,Class:14
2020-07-15 15:40:33.6575 INFO Rejestracja nie przebieg³a pomyœlnie.
2020-07-15 15:40:33.9388 INFO Rejestracja przebieg³a pomyœlnie.
2020-07-15 15:40:33.9547 INFO System.Data.SqlClient.SqlException (0x80131904): Violation of UNIQUE KEY constraint 'UQ__UserData__AB6E6164275BAA37'. Cannot insert duplicate key in object 'dbo.UserDataTable'. The duplicate key value is (daniel@wp.pl        ).
The statement has been terminated.
   w System.Data.SqlClient.SqlConnection.OnError(SqlException exception, Boolean breakConnection, Action`1 wrapCloseInAction)
   w System.Data.SqlClient.SqlInternalConnection.OnError(SqlException exception, Boolean breakConnection, Action`1 wrapCloseInAction)
   w System.Data.SqlClient.TdsParser.ThrowExceptionAndWarning(TdsParserStateObject stateObj, Boolean callerHasConnectionLock, Boolean asyncClose)
   w System.Data.SqlClient.TdsParser.TryRun(RunBehavior runBehavior, SqlCommand cmdHandler, SqlDataReader dataStream, BulkCopySimpleResultSet bulkCopyHandler, TdsParserStateObject stateObj, Boolean& dataReady)
   w System.Data.SqlClient.SqlCommand.FinishExecuteReader(SqlDataReader ds, RunBehavior runBehavior, String resetOptionsString, Boolean isInternal, Boolean forDescribeParameterEncryption, Boolean shouldCacheForAlwaysEncrypted)
   w System.Data.SqlClient.SqlCommand.RunExecuteReaderTds(CommandBehavior cmdBehavior, RunBehavior runBehavior, Boolean returnStream, Boolean async, Int32 timeout, Task& task, Boolean asyncWrite, Boolean inRetry, SqlDataReader ds, Boolean describeParameterEncryptionRequest)
   w System.Data.SqlClient.SqlCommand.RunExecuteReader(CommandBehavior cmdBehavior, RunBehavior runBehavior, Boolean returnStream, String method, TaskCompletionSource`1 completion, Int32 timeout, Task& task, Boolean& usedCache, Boolean asyncWrite, Boolean inRetry)
   w System.Data.SqlClient.SqlCommand.InternalExecuteNonQuery(TaskCompletionSource`1 completion, String methodName, Boolean sendToPipe, Int32 timeout, Boolean& usedCache, Boolean asyncWrite, Boolean inRetry)
   w System.Data.SqlClient.SqlCommand.ExecuteNonQuery()
   w WebApp.Models.ToBaseInsertion.InsertData(String login, String password, String email) w D:\Repozytorium\WebAppV3\WebApp\WebApp\Models\ToBaseInsertion.cs:wiersz 37
ClientConnectionId:cdc91320-a428-4804-809c-05638a0b02f6
Error Number:2627,State:1,Class:14
2020-07-15 15:40:33.9547 INFO Rejestracja nie przebieg³a pomyœlnie.
2020-07-15 15:40:33.9667 INFO Rejestracja nie przebieg³a pomyœlnie.
2020-07-15 15:40:33.9667 INFO Koniec Rejestracji.
2020-07-15 15:42:15.0953 INFO Pocz¹tek Rejestracji.
2020-07-15 15:42:15.1541 INFO Rejestracja przebieg³a pomyœlnie.
2020-07-15 15:42:15.3047 INFO System.Data.SqlClient.SqlException (0x80131904): The parameterized query '(@login nvarchar(4000),@email nvarchar(4000),@password nvarchar(' expects the parameter '@login', which was not supplied.
   w System.Data.SqlClient.SqlConnection.OnError(SqlException exception, Boolean breakConnection, Action`1 wrapCloseInAction)
   w System.Data.SqlClient.SqlInternalConnection.OnError(SqlException exception, Boolean breakConnection, Action`1 wrapCloseInAction)
   w System.Data.SqlClient.TdsParser.ThrowExceptionAndWarning(TdsParserStateObject stateObj, Boolean callerHasConnectionLock, Boolean asyncClose)
   w System.Data.SqlClient.TdsParser.TryRun(RunBehavior runBehavior, SqlCommand cmdHandler, SqlDataReader dataStream, BulkCopySimpleResultSet bulkCopyHandler, TdsParserStateObject stateObj, Boolean& dataReady)
   w System.Data.SqlClient.SqlCommand.FinishExecuteReader(SqlDataReader ds, RunBehavior runBehavior, String resetOptionsString, Boolean isInternal, Boolean forDescribeParameterEncryption, Boolean shouldCacheForAlwaysEncrypted)
   w System.Data.SqlClient.SqlCommand.RunExecuteReaderTds(CommandBehavior cmdBehavior, RunBehavior runBehavior, Boolean returnStream, Boolean async, Int32 timeout, Task& task, Boolean asyncWrite, Boolean inRetry, SqlDataReader ds, Boolean describeParameterEncryptionRequest)
   w System.Data.SqlClient.SqlCommand.RunExecuteReader(CommandBehavior cmdBehavior, RunBehavior runBehavior, Boolean returnStream, String method, TaskCompletionSource`1 completion, Int32 timeout, Task& task, Boolean& usedCache, Boolean asyncWrite, Boolean inRetry)
   w System.Data.SqlClient.SqlCommand.InternalExecuteNonQuery(TaskCompletionSource`1 completion, String methodName, Boolean sendToPipe, Int32 timeout, Boolean& usedCache, Boolean asyncWrite, Boolean inRetry)
   w System.Data.SqlClient.SqlCommand.ExecuteNonQuery()
   w WebApp.Models.ToBaseInsertion.InsertData(String login, String password, String email) w D:\Repozytorium\WebAppV3\WebApp\WebApp\Models\ToBaseInsertion.cs:wiersz 37
ClientConnectionId:fb8f6ee4-198a-4c87-9b3b-73d893fd72b0
Error Number:8178,State:1,Class:16
2020-07-15 15:42:15.3177 INFO Rejestracja nie przebieg³a pomyœlnie.
2020-07-15 15:42:15.3177 INFO Wartoœæ pola nie mo¿e pozostaæ pusta.
2020-07-15 15:42:15.3337 INFO Wartoœæ pola nie mo¿e pozostaæ pusta.
2020-07-15 15:42:15.3337 INFO Koniec Rejestracji.
2020-07-15 15:42:35.5917 INFO Pocz¹tek Rejestracji.
2020-07-15 15:42:35.6178 INFO Rejestracja przebieg³a pomyœlnie.
2020-07-15 15:42:35.8920 INFO Rejestracja przebieg³a pomyœlnie.
2020-07-15 15:42:35.9130 INFO System.Data.SqlClient.SqlException (0x80131904): Violation of UNIQUE KEY constraint 'UQ__UserData__7838F272DF112245'. Cannot insert duplicate key in object 'dbo.UserDataTable'. The duplicate key value is (daniel412           ).
The statement has been terminated.
   w System.Data.SqlClient.SqlConnection.OnError(SqlException exception, Boolean breakConnection, Action`1 wrapCloseInAction)
   w System.Data.SqlClient.SqlInternalConnection.OnError(SqlException exception, Boolean breakConnection, Action`1 wrapCloseInAction)
   w System.Data.SqlClient.TdsParser.ThrowExceptionAndWarning(TdsParserStateObject stateObj, Boolean callerHasConnectionLock, Boolean asyncClose)
   w System.Data.SqlClient.TdsParser.TryRun(RunBehavior runBehavior, SqlCommand cmdHandler, SqlDataReader dataStream, BulkCopySimpleResultSet bulkCopyHandler, TdsParserStateObject stateObj, Boolean& dataReady)
   w System.Data.SqlClient.SqlCommand.FinishExecuteReader(SqlDataReader ds, RunBehavior runBehavior, String resetOptionsString, Boolean isInternal, Boolean forDescribeParameterEncryption, Boolean shouldCacheForAlwaysEncrypted)
   w System.Data.SqlClient.SqlCommand.RunExecuteReaderTds(CommandBehavior cmdBehavior, RunBehavior runBehavior, Boolean returnStream, Boolean async, Int32 timeout, Task& task, Boolean asyncWrite, Boolean inRetry, SqlDataReader ds, Boolean describeParameterEncryptionRequest)
   w System.Data.SqlClient.SqlCommand.RunExecuteReader(CommandBehavior cmdBehavior, RunBehavior runBehavior, Boolean returnStream, String method, TaskCompletionSource`1 completion, Int32 timeout, Task& task, Boolean& usedCache, Boolean asyncWrite, Boolean inRetry)
   w System.Data.SqlClient.SqlCommand.InternalExecuteNonQuery(TaskCompletionSource`1 completion, String methodName, Boolean sendToPipe, Int32 timeout, Boolean& usedCache, Boolean asyncWrite, Boolean inRetry)
   w System.Data.SqlClient.SqlCommand.ExecuteNonQuery()
   w WebApp.Models.ToBaseInsertion.InsertData(String login, String password, String email) w D:\Repozytorium\WebAppV3\WebApp\WebApp\Models\ToBaseInsertion.cs:wiersz 37
ClientConnectionId:fb8f6ee4-198a-4c87-9b3b-73d893fd72b0
Error Number:2627,State:1,Class:14
2020-07-15 15:42:35.9130 INFO Rejestracja nie przebieg³a pomyœlnie.
2020-07-15 15:42:35.9260 INFO Rejestracja nie przebieg³a pomyœlnie.
2020-07-15 15:42:35.9260 INFO Koniec Rejestracji.
2020-07-15 15:50:09.7037 INFO Pocz¹tek Rejestracji.
2020-07-15 15:50:09.9152 INFO System.Data.SqlClient.SqlException (0x80131904): String or binary data would be truncated.
The statement has been terminated.
   w System.Data.SqlClient.SqlConnection.OnError(SqlException exception, Boolean breakConnection, Action`1 wrapCloseInAction)
   w System.Data.SqlClient.SqlInternalConnection.OnError(SqlException exception, Boolean breakConnection, Action`1 wrapCloseInAction)
   w System.Data.SqlClient.TdsParser.ThrowExceptionAndWarning(TdsParserStateObject stateObj, Boolean callerHasConnectionLock, Boolean asyncClose)
   w System.Data.SqlClient.TdsParser.TryRun(RunBehavior runBehavior, SqlCommand cmdHandler, SqlDataReader dataStream, BulkCopySimpleResultSet bulkCopyHandler, TdsParserStateObject stateObj, Boolean& dataReady)
   w System.Data.SqlClient.SqlCommand.FinishExecuteReader(SqlDataReader ds, RunBehavior runBehavior, String resetOptionsString, Boolean isInternal, Boolean forDescribeParameterEncryption, Boolean shouldCacheForAlwaysEncrypted)
   w System.Data.SqlClient.SqlCommand.RunExecuteReaderTds(CommandBehavior cmdBehavior, RunBehavior runBehavior, Boolean returnStream, Boolean async, Int32 timeout, Task& task, Boolean asyncWrite, Boolean inRetry, SqlDataReader ds, Boolean describeParameterEncryptionRequest)
   w System.Data.SqlClient.SqlCommand.RunExecuteReader(CommandBehavior cmdBehavior, RunBehavior runBehavior, Boolean returnStream, String method, TaskCompletionSource`1 completion, Int32 timeout, Task& task, Boolean& usedCache, Boolean asyncWrite, Boolean inRetry)
   w System.Data.SqlClient.SqlCommand.InternalExecuteNonQuery(TaskCompletionSource`1 completion, String methodName, Boolean sendToPipe, Int32 timeout, Boolean& usedCache, Boolean asyncWrite, Boolean inRetry)
   w System.Data.SqlClient.SqlCommand.ExecuteNonQuery()
   w WebApp.Models.ToBaseInsertion.InsertData(String login, String password, String email) w D:\Repozytorium\WebAppV3\WebApp\WebApp\Models\ToBaseInsertion.cs:wiersz 37
ClientConnectionId:6b82c4d9-fbfa-42c4-ba7b-159225705568
Error Number:8152,State:13,Class:16
2020-07-15 15:50:09.9322 INFO Rejestracja nie przebieg³a pomyœlnie.
2020-07-15 15:50:10.1067 INFO Rejestracja przebieg³a pomyœlnie.
2020-07-15 15:50:10.1256 INFO System.Data.SqlClient.SqlException (0x80131904): String or binary data would be truncated.
The statement has been terminated.
   w System.Data.SqlClient.SqlConnection.OnError(SqlException exception, Boolean breakConnection, Action`1 wrapCloseInAction)
   w System.Data.SqlClient.SqlInternalConnection.OnError(SqlException exception, Boolean breakConnection, Action`1 wrapCloseInAction)
   w System.Data.SqlClient.TdsParser.ThrowExceptionAndWarning(TdsParserStateObject stateObj, Boolean callerHasConnectionLock, Boolean asyncClose)
   w System.Data.SqlClient.TdsParser.TryRun(RunBehavior runBehavior, SqlCommand cmdHandler, SqlDataReader dataStream, BulkCopySimpleResultSet bulkCopyHandler, TdsParserStateObject stateObj, Boolean& dataReady)
   w System.Data.SqlClient.SqlCommand.FinishExecuteReader(SqlDataReader ds, RunBehavior runBehavior, String resetOptionsString, Boolean isInternal, Boolean forDescribeParameterEncryption, Boolean shouldCacheForAlwaysEncrypted)
   w System.Data.SqlClient.SqlCommand.RunExecuteReaderTds(CommandBehavior cmdBehavior, RunBehavior runBehavior, Boolean returnStream, Boolean async, Int32 timeout, Task& task, Boolean asyncWrite, Boolean inRetry, SqlDataReader ds, Boolean describeParameterEncryptionRequest)
   w System.Data.SqlClient.SqlCommand.RunExecuteReader(CommandBehavior cmdBehavior, RunBehavior runBehavior, Boolean returnStream, String method, TaskCompletionSource`1 completion, Int32 timeout, Task& task, Boolean& usedCache, Boolean asyncWrite, Boolean inRetry)
   w System.Data.SqlClient.SqlCommand.InternalExecuteNonQuery(TaskCompletionSource`1 completion, String methodName, Boolean sendToPipe, Int32 timeout, Boolean& usedCache, Boolean asyncWrite, Boolean inRetry)
   w System.Data.SqlClient.SqlCommand.ExecuteNonQuery()
   w WebApp.Models.ToBaseInsertion.InsertData(String login, String password, String email) w D:\Repozytorium\WebAppV3\WebApp\WebApp\Models\ToBaseInsertion.cs:wiersz 37
ClientConnectionId:6b82c4d9-fbfa-42c4-ba7b-159225705568
Error Number:8152,State:13,Class:16
2020-07-15 15:50:10.1256 INFO Rejestracja nie przebieg³a pomyœlnie.
2020-07-15 15:50:10.1428 INFO Rejestracja nie przebieg³a pomyœlnie.
2020-07-15 15:50:10.1428 INFO Koniec Rejestracji.
2020-07-15 15:54:55.1069 INFO Pocz¹tek Rejestracji.
2020-07-15 15:54:55.3363 INFO System.Data.SqlClient.SqlException (0x80131904): String or binary data would be truncated.
The statement has been terminated.
   w System.Data.SqlClient.SqlConnection.OnError(SqlException exception, Boolean breakConnection, Action`1 wrapCloseInAction)
   w System.Data.SqlClient.SqlInternalConnection.OnError(SqlException exception, Boolean breakConnection, Action`1 wrapCloseInAction)
   w System.Data.SqlClient.TdsParser.ThrowExceptionAndWarning(TdsParserStateObject stateObj, Boolean callerHasConnectionLock, Boolean asyncClose)
   w System.Data.SqlClient.TdsParser.TryRun(RunBehavior runBehavior, SqlCommand cmdHandler, SqlDataReader dataStream, BulkCopySimpleResultSet bulkCopyHandler, TdsParserStateObject stateObj, Boolean& dataReady)
   w System.Data.SqlClient.SqlCommand.FinishExecuteReader(SqlDataReader ds, RunBehavior runBehavior, String resetOptionsString, Boolean isInternal, Boolean forDescribeParameterEncryption, Boolean shouldCacheForAlwaysEncrypted)
   w System.Data.SqlClient.SqlCommand.RunExecuteReaderTds(CommandBehavior cmdBehavior, RunBehavior runBehavior, Boolean returnStream, Boolean async, Int32 timeout, Task& task, Boolean asyncWrite, Boolean inRetry, SqlDataReader ds, Boolean describeParameterEncryptionRequest)
   w System.Data.SqlClient.SqlCommand.RunExecuteReader(CommandBehavior cmdBehavior, RunBehavior runBehavior, Boolean returnStream, String method, TaskCompletionSource`1 completion, Int32 timeout, Task& task, Boolean& usedCache, Boolean asyncWrite, Boolean inRetry)
   w System.Data.SqlClient.SqlCommand.InternalExecuteNonQuery(TaskCompletionSource`1 completion, String methodName, Boolean sendToPipe, Int32 timeout, Boolean& usedCache, Boolean asyncWrite, Boolean inRetry)
   w System.Data.SqlClient.SqlCommand.ExecuteNonQuery()
   w WebApp.Models.ToBaseInsertion.InsertData(String login, String password, String email) w D:\Repozytorium\WebAppV3\WebApp\WebApp\Models\ToBaseInsertion.cs:wiersz 37
ClientConnectionId:9b5e4b76-5984-4f19-b58a-b120017cc91d
Error Number:8152,State:13,Class:16
2020-07-15 15:54:55.3553 INFO Rejestracja nie przebieg³a pomyœlnie.
2020-07-15 15:54:55.5288 INFO Rejestracja przebieg³a pomyœlnie.
2020-07-15 15:54:55.5478 INFO System.Data.SqlClient.SqlException (0x80131904): String or binary data would be truncated.
The statement has been terminated.
   w System.Data.SqlClient.SqlConnection.OnError(SqlException exception, Boolean breakConnection, Action`1 wrapCloseInAction)
   w System.Data.SqlClient.SqlInternalConnection.OnError(SqlException exception, Boolean breakConnection, Action`1 wrapCloseInAction)
   w System.Data.SqlClient.TdsParser.ThrowExceptionAndWarning(TdsParserStateObject stateObj, Boolean callerHasConnectionLock, Boolean asyncClose)
   w System.Data.SqlClient.TdsParser.TryRun(RunBehavior runBehavior, SqlCommand cmdHandler, SqlDataReader dataStream, BulkCopySimpleResultSet bulkCopyHandler, TdsParserStateObject stateObj, Boolean& dataReady)
   w System.Data.SqlClient.SqlCommand.FinishExecuteReader(SqlDataReader ds, RunBehavior runBehavior, String resetOptionsString, Boolean isInternal, Boolean forDescribeParameterEncryption, Boolean shouldCacheForAlwaysEncrypted)
   w System.Data.SqlClient.SqlCommand.RunExecuteReaderTds(CommandBehavior cmdBehavior, RunBehavior runBehavior, Boolean returnStream, Boolean async, Int32 timeout, Task& task, Boolean asyncWrite, Boolean inRetry, SqlDataReader ds, Boolean describeParameterEncryptionRequest)
   w System.Data.SqlClient.SqlCommand.RunExecuteReader(CommandBehavior cmdBehavior, RunBehavior runBehavior, Boolean returnStream, String method, TaskCompletionSource`1 completion, Int32 timeout, Task& task, Boolean& usedCache, Boolean asyncWrite, Boolean inRetry)
   w System.Data.SqlClient.SqlCommand.InternalExecuteNonQuery(TaskCompletionSource`1 completion, String methodName, Boolean sendToPipe, Int32 timeout, Boolean& usedCache, Boolean asyncWrite, Boolean inRetry)
   w System.Data.SqlClient.SqlCommand.ExecuteNonQuery()
   w WebApp.Models.ToBaseInsertion.InsertData(String login, String password, String email) w D:\Repozytorium\WebAppV3\WebApp\WebApp\Models\ToBaseInsertion.cs:wiersz 37
ClientConnectionId:9b5e4b76-5984-4f19-b58a-b120017cc91d
Error Number:8152,State:13,Class:16
2020-07-15 15:54:55.5478 INFO Rejestracja nie przebieg³a pomyœlnie.
2020-07-15 15:54:56.2364 INFO Rejestracja nie przebieg³a pomyœlnie.
2020-07-15 15:54:56.2364 INFO Koniec Rejestracji.
2020-07-15 16:00:54.7921 INFO Pocz¹tek Rejestracji.
2020-07-15 16:00:55.0354 INFO System.Data.SqlClient.SqlException (0x80131904): String or binary data would be truncated.
The statement has been terminated.
   w System.Data.SqlClient.SqlConnection.OnError(SqlException exception, Boolean breakConnection, Action`1 wrapCloseInAction)
   w System.Data.SqlClient.SqlInternalConnection.OnError(SqlException exception, Boolean breakConnection, Action`1 wrapCloseInAction)
   w System.Data.SqlClient.TdsParser.ThrowExceptionAndWarning(TdsParserStateObject stateObj, Boolean callerHasConnectionLock, Boolean asyncClose)
   w System.Data.SqlClient.TdsParser.TryRun(RunBehavior runBehavior, SqlCommand cmdHandler, SqlDataReader dataStream, BulkCopySimpleResultSet bulkCopyHandler, TdsParserStateObject stateObj, Boolean& dataReady)
   w System.Data.SqlClient.SqlCommand.FinishExecuteReader(SqlDataReader ds, RunBehavior runBehavior, String resetOptionsString, Boolean isInternal, Boolean forDescribeParameterEncryption, Boolean shouldCacheForAlwaysEncrypted)
   w System.Data.SqlClient.SqlCommand.RunExecuteReaderTds(CommandBehavior cmdBehavior, RunBehavior runBehavior, Boolean returnStream, Boolean async, Int32 timeout, Task& task, Boolean asyncWrite, Boolean inRetry, SqlDataReader ds, Boolean describeParameterEncryptionRequest)
   w System.Data.SqlClient.SqlCommand.RunExecuteReader(CommandBehavior cmdBehavior, RunBehavior runBehavior, Boolean returnStream, String method, TaskCompletionSource`1 completion, Int32 timeout, Task& task, Boolean& usedCache, Boolean asyncWrite, Boolean inRetry)
   w System.Data.SqlClient.SqlCommand.InternalExecuteNonQuery(TaskCompletionSource`1 completion, String methodName, Boolean sendToPipe, Int32 timeout, Boolean& usedCache, Boolean asyncWrite, Boolean inRetry)
   w System.Data.SqlClient.SqlCommand.ExecuteNonQuery()
   w WebApp.Models.ToBaseInsertion.InsertData(String login, String password, String email) w D:\Repozytorium\WebAppV3\WebApp\WebApp\Models\ToBaseInsertion.cs:wiersz 38
ClientConnectionId:3bc4764e-83f9-469b-9d7a-a788379c5aee
Error Number:8152,State:13,Class:16
2020-07-15 16:00:55.0623 INFO Rejestracja nie przebieg³a pomyœlnie.
2020-07-15 16:00:55.2339 INFO Rejestracja przebieg³a pomyœlnie.
2020-07-15 16:00:55.2498 INFO System.Data.SqlClient.SqlException (0x80131904): String or binary data would be truncated.
The statement has been terminated.
   w System.Data.SqlClient.SqlConnection.OnError(SqlException exception, Boolean breakConnection, Action`1 wrapCloseInAction)
   w System.Data.SqlClient.SqlInternalConnection.OnError(SqlException exception, Boolean breakConnection, Action`1 wrapCloseInAction)
   w System.Data.SqlClient.TdsParser.ThrowExceptionAndWarning(TdsParserStateObject stateObj, Boolean callerHasConnectionLock, Boolean asyncClose)
   w System.Data.SqlClient.TdsParser.TryRun(RunBehavior runBehavior, SqlCommand cmdHandler, SqlDataReader dataStream, BulkCopySimpleResultSet bulkCopyHandler, TdsParserStateObject stateObj, Boolean& dataReady)
   w System.Data.SqlClient.SqlCommand.FinishExecuteReader(SqlDataReader ds, RunBehavior runBehavior, String resetOptionsString, Boolean isInternal, Boolean forDescribeParameterEncryption, Boolean shouldCacheForAlwaysEncrypted)
   w System.Data.SqlClient.SqlCommand.RunExecuteReaderTds(CommandBehavior cmdBehavior, RunBehavior runBehavior, Boolean returnStream, Boolean async, Int32 timeout, Task& task, Boolean asyncWrite, Boolean inRetry, SqlDataReader ds, Boolean describeParameterEncryptionRequest)
   w System.Data.SqlClient.SqlCommand.RunExecuteReader(CommandBehavior cmdBehavior, RunBehavior runBehavior, Boolean returnStream, String method, TaskCompletionSource`1 completion, Int32 timeout, Task& task, Boolean& usedCache, Boolean asyncWrite, Boolean inRetry)
   w System.Data.SqlClient.SqlCommand.InternalExecuteNonQuery(TaskCompletionSource`1 completion, String methodName, Boolean sendToPipe, Int32 timeout, Boolean& usedCache, Boolean asyncWrite, Boolean inRetry)
   w System.Data.SqlClient.SqlCommand.ExecuteNonQuery()
   w WebApp.Models.ToBaseInsertion.InsertData(String login, String password, String email) w D:\Repozytorium\WebAppV3\WebApp\WebApp\Models\ToBaseInsertion.cs:wiersz 38
ClientConnectionId:3bc4764e-83f9-469b-9d7a-a788379c5aee
Error Number:8152,State:13,Class:16
2020-07-15 16:00:55.2498 INFO Rejestracja nie przebieg³a pomyœlnie.
2020-07-15 16:00:55.8962 INFO Rejestracja nie przebieg³a pomyœlnie.
2020-07-15 16:00:55.8962 INFO Koniec Rejestracji.
2020-07-15 16:01:40.8479 INFO Pocz¹tek Rejestracji.
2020-07-15 16:01:41.0816 INFO System.Data.SqlClient.SqlException (0x80131904): String or binary data would be truncated.
The statement has been terminated.
   w System.Data.SqlClient.SqlConnection.OnError(SqlException exception, Boolean breakConnection, Action`1 wrapCloseInAction)
   w System.Data.SqlClient.SqlInternalConnection.OnError(SqlException exception, Boolean breakConnection, Action`1 wrapCloseInAction)
   w System.Data.SqlClient.TdsParser.ThrowExceptionAndWarning(TdsParserStateObject stateObj, Boolean callerHasConnectionLock, Boolean asyncClose)
   w System.Data.SqlClient.TdsParser.TryRun(RunBehavior runBehavior, SqlCommand cmdHandler, SqlDataReader dataStream, BulkCopySimpleResultSet bulkCopyHandler, TdsParserStateObject stateObj, Boolean& dataReady)
   w System.Data.SqlClient.SqlCommand.FinishExecuteReader(SqlDataReader ds, RunBehavior runBehavior, String resetOptionsString, Boolean isInternal, Boolean forDescribeParameterEncryption, Boolean shouldCacheForAlwaysEncrypted)
   w System.Data.SqlClient.SqlCommand.RunExecuteReaderTds(CommandBehavior cmdBehavior, RunBehavior runBehavior, Boolean returnStream, Boolean async, Int32 timeout, Task& task, Boolean asyncWrite, Boolean inRetry, SqlDataReader ds, Boolean describeParameterEncryptionRequest)
   w System.Data.SqlClient.SqlCommand.RunExecuteReader(CommandBehavior cmdBehavior, RunBehavior runBehavior, Boolean returnStream, String method, TaskCompletionSource`1 completion, Int32 timeout, Task& task, Boolean& usedCache, Boolean asyncWrite, Boolean inRetry)
   w System.Data.SqlClient.SqlCommand.InternalExecuteNonQuery(TaskCompletionSource`1 completion, String methodName, Boolean sendToPipe, Int32 timeout, Boolean& usedCache, Boolean asyncWrite, Boolean inRetry)
   w System.Data.SqlClient.SqlCommand.ExecuteNonQuery()
   w WebApp.Models.ToBaseInsertion.InsertData(String login, String password, String email) w D:\Repozytorium\WebAppV3\WebApp\WebApp\Models\ToBaseInsertion.cs:wiersz 38
ClientConnectionId:3bd1edab-8e03-40c3-94d7-e28fee8dc293
Error Number:8152,State:13,Class:16
2020-07-15 16:01:41.0955 INFO Rejestracja nie przebieg³a pomyœlnie.
2020-07-15 16:01:41.2780 INFO Rejestracja przebieg³a pomyœlnie.
2020-07-15 16:01:41.2991 INFO System.Data.SqlClient.SqlException (0x80131904): String or binary data would be truncated.
The statement has been terminated.
   w System.Data.SqlClient.SqlConnection.OnError(SqlException exception, Boolean breakConnection, Action`1 wrapCloseInAction)
   w System.Data.SqlClient.SqlInternalConnection.OnError(SqlException exception, Boolean breakConnection, Action`1 wrapCloseInAction)
   w System.Data.SqlClient.TdsParser.ThrowExceptionAndWarning(TdsParserStateObject stateObj, Boolean callerHasConnectionLock, Boolean asyncClose)
   w System.Data.SqlClient.TdsParser.TryRun(RunBehavior runBehavior, SqlCommand cmdHandler, SqlDataReader dataStream, BulkCopySimpleResultSet bulkCopyHandler, TdsParserStateObject stateObj, Boolean& dataReady)
   w System.Data.SqlClient.SqlCommand.FinishExecuteReader(SqlDataReader ds, RunBehavior runBehavior, String resetOptionsString, Boolean isInternal, Boolean forDescribeParameterEncryption, Boolean shouldCacheForAlwaysEncrypted)
   w System.Data.SqlClient.SqlCommand.RunExecuteReaderTds(CommandBehavior cmdBehavior, RunBehavior runBehavior, Boolean returnStream, Boolean async, Int32 timeout, Task& task, Boolean asyncWrite, Boolean inRetry, SqlDataReader ds, Boolean describeParameterEncryptionRequest)
   w System.Data.SqlClient.SqlCommand.RunExecuteReader(CommandBehavior cmdBehavior, RunBehavior runBehavior, Boolean returnStream, String method, TaskCompletionSource`1 completion, Int32 timeout, Task& task, Boolean& usedCache, Boolean asyncWrite, Boolean inRetry)
   w System.Data.SqlClient.SqlCommand.InternalExecuteNonQuery(TaskCompletionSource`1 completion, String methodName, Boolean sendToPipe, Int32 timeout, Boolean& usedCache, Boolean asyncWrite, Boolean inRetry)
   w System.Data.SqlClient.SqlCommand.ExecuteNonQuery()
   w WebApp.Models.ToBaseInsertion.InsertData(String login, String password, String email) w D:\Repozytorium\WebAppV3\WebApp\WebApp\Models\ToBaseInsertion.cs:wiersz 38
ClientConnectionId:3bd1edab-8e03-40c3-94d7-e28fee8dc293
Error Number:8152,State:13,Class:16
2020-07-15 16:01:41.2991 INFO Rejestracja nie przebieg³a pomyœlnie.
2020-07-15 16:01:42.1247 INFO Rejestracja nie przebieg³a pomyœlnie.
2020-07-15 16:01:42.1247 INFO Koniec Rejestracji.
2020-07-15 16:11:55.9062 INFO Pocz¹tek Rejestracji.
2020-07-15 16:11:56.0287 INFO System.Data.SqlClient.SqlException (0x80131904): String or binary data would be truncated.
The statement has been terminated.
   w System.Data.SqlClient.SqlConnection.OnError(SqlException exception, Boolean breakConnection, Action`1 wrapCloseInAction)
   w System.Data.SqlClient.SqlInternalConnection.OnError(SqlException exception, Boolean breakConnection, Action`1 wrapCloseInAction)
   w System.Data.SqlClient.TdsParser.ThrowExceptionAndWarning(TdsParserStateObject stateObj, Boolean callerHasConnectionLock, Boolean asyncClose)
   w System.Data.SqlClient.TdsParser.TryRun(RunBehavior runBehavior, SqlCommand cmdHandler, SqlDataReader dataStream, BulkCopySimpleResultSet bulkCopyHandler, TdsParserStateObject stateObj, Boolean& dataReady)
   w System.Data.SqlClient.SqlCommand.FinishExecuteReader(SqlDataReader ds, RunBehavior runBehavior, String resetOptionsString, Boolean isInternal, Boolean forDescribeParameterEncryption, Boolean shouldCacheForAlwaysEncrypted)
   w System.Data.SqlClient.SqlCommand.RunExecuteReaderTds(CommandBehavior cmdBehavior, RunBehavior runBehavior, Boolean returnStream, Boolean async, Int32 timeout, Task& task, Boolean asyncWrite, Boolean inRetry, SqlDataReader ds, Boolean describeParameterEncryptionRequest)
   w System.Data.SqlClient.SqlCommand.RunExecuteReader(CommandBehavior cmdBehavior, RunBehavior runBehavior, Boolean returnStream, String method, TaskCompletionSource`1 completion, Int32 timeout, Task& task, Boolean& usedCache, Boolean asyncWrite, Boolean inRetry)
   w System.Data.SqlClient.SqlCommand.InternalExecuteNonQuery(TaskCompletionSource`1 completion, String methodName, Boolean sendToPipe, Int32 timeout, Boolean& usedCache, Boolean asyncWrite, Boolean inRetry)
   w System.Data.SqlClient.SqlCommand.ExecuteNonQuery()
   w WebApp.Models.ToBaseInsertion.InsertData(String login, String password, String email) w D:\Repozytorium\WebAppV3\WebApp\WebApp\Models\ToBaseInsertion.cs:wiersz 38
ClientConnectionId:9f27fb34-f6dd-4b4f-b7fe-a44cb8cf9d57
Error Number:8152,State:13,Class:16
2020-07-15 16:11:56.0287 INFO Rejestracja nie przebieg³a pomyœlnie.
2020-07-15 16:11:56.2122 INFO Rejestracja przebieg³a pomyœlnie.
2020-07-15 16:11:56.2312 INFO System.Data.SqlClient.SqlException (0x80131904): String or binary data would be truncated.
The statement has been terminated.
   w System.Data.SqlClient.SqlConnection.OnError(SqlException exception, Boolean breakConnection, Action`1 wrapCloseInAction)
   w System.Data.SqlClient.SqlInternalConnection.OnError(SqlException exception, Boolean breakConnection, Action`1 wrapCloseInAction)
   w System.Data.SqlClient.TdsParser.ThrowExceptionAndWarning(TdsParserStateObject stateObj, Boolean callerHasConnectionLock, Boolean asyncClose)
   w System.Data.SqlClient.TdsParser.TryRun(RunBehavior runBehavior, SqlCommand cmdHandler, SqlDataReader dataStream, BulkCopySimpleResultSet bulkCopyHandler, TdsParserStateObject stateObj, Boolean& dataReady)
   w System.Data.SqlClient.SqlCommand.FinishExecuteReader(SqlDataReader ds, RunBehavior runBehavior, String resetOptionsString, Boolean isInternal, Boolean forDescribeParameterEncryption, Boolean shouldCacheForAlwaysEncrypted)
   w System.Data.SqlClient.SqlCommand.RunExecuteReaderTds(CommandBehavior cmdBehavior, RunBehavior runBehavior, Boolean returnStream, Boolean async, Int32 timeout, Task& task, Boolean asyncWrite, Boolean inRetry, SqlDataReader ds, Boolean describeParameterEncryptionRequest)
   w System.Data.SqlClient.SqlCommand.RunExecuteReader(CommandBehavior cmdBehavior, RunBehavior runBehavior, Boolean returnStream, String method, TaskCompletionSource`1 completion, Int32 timeout, Task& task, Boolean& usedCache, Boolean asyncWrite, Boolean inRetry)
   w System.Data.SqlClient.SqlCommand.InternalExecuteNonQuery(TaskCompletionSource`1 completion, String methodName, Boolean sendToPipe, Int32 timeout, Boolean& usedCache, Boolean asyncWrite, Boolean inRetry)
   w System.Data.SqlClient.SqlCommand.ExecuteNonQuery()
   w WebApp.Models.ToBaseInsertion.InsertData(String login, String password, String email) w D:\Repozytorium\WebAppV3\WebApp\WebApp\Models\ToBaseInsertion.cs:wiersz 38
ClientConnectionId:9f27fb34-f6dd-4b4f-b7fe-a44cb8cf9d57
Error Number:8152,State:13,Class:16
2020-07-15 16:11:56.2372 INFO Rejestracja nie przebieg³a pomyœlnie.
2020-07-15 16:11:57.2601 INFO Rejestracja nie przebieg³a pomyœlnie.
2020-07-15 16:11:57.2641 INFO Koniec Rejestracji.
